Determining if the pthread_create exist failed with the following output:
Change Dir: /home/inceptio/Tests_Temps/pcl_tutorials/build/CMakeFiles/CMakeTmp

Run Build Command:"/usr/bin/make" "cmTC_84d3f/fast"
/usr/bin/make -f CMakeFiles/cmTC_84d3f.dir/build.make CMakeFiles/cmTC_84d3f.dir/build
make[1]: Entering directory '/home/inceptio/Tests_Temps/pcl_tutorials/build/CMakeFiles/CMakeTmp'
Building C object CMakeFiles/cmTC_84d3f.dir/CheckSymbolExists.c.o
/usr/bin/cc    -o CMakeFiles/cmTC_84d3f.dir/CheckSymbolExists.c.o   -c /home/inceptio/Tests_Temps/pcl_tutorials/build/CMakeFiles/CMakeTmp/CheckSymbolExists.c
Linking C executable cmTC_84d3f
/usr/local/bin/cmake -E cmake_link_script CMakeFiles/cmTC_84d3f.dir/link.txt --verbose=1
/usr/bin/cc      -rdynamic CMakeFiles/cmTC_84d3f.dir/CheckSymbolExists.c.o  -o cmTC_84d3f 
CMakeFiles/cmTC_84d3f.dir/CheckSymbolExists.c.o: In function `main':
CheckSymbolExists.c:(.text+0x1b): undefined reference to `pthread_create'
collect2: error: ld returned 1 exit status
CMakeFiles/cmTC_84d3f.dir/build.make:86: recipe for target 'cmTC_84d3f' failed
make[1]: *** [cmTC_84d3f] Error 1
make[1]: Leaving directory '/home/inceptio/Tests_Temps/pcl_tutorials/build/CMakeFiles/CMakeTmp'
Makefile:121: recipe for target 'cmTC_84d3f/fast' failed
make: *** [cmTC_84d3f/fast] Error 2

File /home/inceptio/Tests_Temps/pcl_tutorials/build/CMakeFiles/CMakeTmp/CheckSymbolExists.c:
/* */
#include <pthread.h>

int main(int argc, char** argv)
{
  (void)argv;
#ifndef pthread_create
  return ((int*)(&pthread_create))[argc];
#else
  (void)argc;
  return 0;
#endif
}

Determining if the function pthread_create exists in the pthreads failed with the following output:
Change Dir: /home/inceptio/Tests_Temps/pcl_tutorials/build/CMakeFiles/CMakeTmp

Run Build Command:"/usr/bin/make" "cmTC_ef461/fast"
/usr/bin/make -f CMakeFiles/cmTC_ef461.dir/build.make CMakeFiles/cmTC_ef461.dir/build
make[1]: Entering directory '/home/inceptio/Tests_Temps/pcl_tutorials/build/CMakeFiles/CMakeTmp'
Building C object CMakeFiles/cmTC_ef461.dir/CheckFunctionExists.c.o
/usr/bin/cc   -DCHECK_FUNCTION_EXISTS=pthread_create   -o CMakeFiles/cmTC_ef461.dir/CheckFunctionExists.c.o   -c /usr/local/share/cmake-3.13/Modules/CheckFunctionExists.c
Linking C executable cmTC_ef461
/usr/local/bin/cmake -E cmake_link_script CMakeFiles/cmTC_ef461.dir/link.txt --verbose=1
/usr/bin/cc  -DCHECK_FUNCTION_EXISTS=pthread_create    -rdynamic CMakeFiles/cmTC_ef461.dir/CheckFunctionExists.c.o  -o cmTC_ef461 -lpthreads 
/usr/bin/ld: cannot find -lpthreads
collect2: error: ld returned 1 exit status
CMakeFiles/cmTC_ef461.dir/build.make:86: recipe for target 'cmTC_ef461' failed
make[1]: *** [cmTC_ef461] Error 1
make[1]: Leaving directory '/home/inceptio/Tests_Temps/pcl_tutorials/build/CMakeFiles/CMakeTmp'
Makefile:121: recipe for target 'cmTC_ef461/fast' failed
make: *** [cmTC_ef461/fast] Error 2


